<?xml version="1.0" encoding="UTF-8"?>
<testsuite name="com.main.TestBasic" tests="1" skipped="0" failures="0" errors="0" timestamp="2015-04-23T14:44:28" hostname="vmwin-12-03" time="1.401">
  <properties/>
  <testcase name="testGet" classname="com.main.TestBasic" time="1.401"/>
  <system-out><![CDATA[Response : hello world
]]></system-out>
  <system-err><![CDATA[log4j:WARN No appenders could be found for logger (org.apache.http.impl.conn.BasicClientConnectionManager).
log4j:WARN Please initialize the log4j system properly.
log4j:WARN See http://logging.apache.org/log4j/1.2/faq.html#noconfig for more info.
]]></system-err>
</testsuite>
